<?xml version="1.0" encoding="UTF-8"?>
<testng-results skipped="0" failed="0" ignored="0" total="2" passed="2">
  <reporter-output>
  </reporter-output>
  <suite name="Default suite" duration-ms="50473" started-at="2017-12-03T23:56:19Z" finished-at="2017-12-03T23:57:09Z">
    <groups>
    </groups>
    <test name="Default test" duration-ms="50473" started-at="2017-12-03T23:56:19Z" finished-at="2017-12-03T23:57:09Z">
      <class name="test.SearchAndPrint">
        <test-method status="PASS" signature="setUp()[pri:0, instance:test.SearchAndPrint@553f17c]" name="setUp" is-config="true" duration-ms="23661" started-at="2017-12-03T21:56:19Z" finished-at="2017-12-03T21:56:42Z">
          <reporter-output>
          </reporter-output>
        </test-method> <!-- setUp -->
        <test-method status="PASS" signature="searchProductsAndPrintFiveFirst()[pri:0, instance:test.SearchAndPrint@553f17c]" name="searchProductsAndPrintFiveFirst" duration-ms="10820" started-at="2017-12-03T21:56:42Z" finished-at="2017-12-03T21:56:53Z">
          <reporter-output>
          </reporter-output>
        </test-method> <!-- searchProductsAndPrintFiveFirst -->
        <test-method status="PASS" signature="takesScreenShot()[pri:0, instance:test.SearchAndPrint@553f17c]" name="takesScreenShot" duration-ms="13355" started-at="2017-12-03T21:56:53Z" finished-at="2017-12-03T21:57:07Z">
          <reporter-output>
          </reporter-output>
        </test-method> <!-- takesScreenShot -->
        <test-method status="PASS" signature="windowClose()[pri:0, instance:test.SearchAndPrint@553f17c]" name="windowClose" is-config="true" duration-ms="2587" started-at="2017-12-03T21:57:07Z" finished-at="2017-12-03T21:57:09Z">
          <reporter-output>
          </reporter-output>
        </test-method> <!-- windowClose -->
      </class> <!-- test.SearchAndPrint -->
    </test> <!-- Default test -->
  </suite> <!-- Default suite -->
</testng-results>
